<?xml version="1.0" encoding="UTF-8"?>
<coverage generated="1671140369715" clover="3.2.0">
  <project timestamp="1671140369715" name="All files">
    <metrics statements="140" coveredstatements="99" conditionals="14" coveredconditionals="6" methods="24" coveredmethods="14" elements="178" coveredelements="119" complexity="0" loc="140" ncloc="140" packages="1" files="2" classes="2"/>
    <file name="toDoListFunctionlity.js" path="C:\Users\Dell\Desktop\To-Do-List\modules\toDoListFunctionlity.js">
      <metrics statements="136" coveredstatements="95" conditionals="14" coveredconditionals="6" methods="24" coveredmethods="14"/>
      <line num="5" count="1" type="stmt"/>
      <line num="6" count="1" type="stmt"/>
      <line num="9" count="1" type="stmt"/>
      <line num="10" count="0" type="stmt"/>
      <line num="11" count="0" type="stmt"/>
      <line num="14" count="1" type="stmt"/>
      <line num="15" count="5" type="stmt"/>
      <line num="16" count="5" type="stmt"/>
      <line num="17" count="5" type="stmt"/>
      <line num="22" count="5" type="stmt"/>
      <line num="23" count="5" type="stmt"/>
      <line num="25" count="5" type="stmt"/>
      <line num="27" count="5" type="stmt"/>
      <line num="28" count="5" type="stmt"/>
      <line num="29" count="5" type="stmt"/>
      <line num="30" count="5" type="stmt"/>
      <line num="33" count="1" type="stmt"/>
      <line num="34" count="6" type="stmt"/>
      <line num="36" count="6" type="stmt"/>
      <line num="38" count="6" type="stmt"/>
      <line num="39" count="17" type="stmt"/>
      <line num="40" count="17" type="stmt"/>
      <line num="41" count="17" type="stmt"/>
      <line num="42" count="17" type="stmt"/>
      <line num="43" count="17" type="stmt"/>
      <line num="44" count="17" type="stmt"/>
      <line num="45" count="17" type="stmt"/>
      <line num="46" count="17" type="stmt"/>
      <line num="47" count="17" type="stmt"/>
      <line num="48" count="17" type="stmt"/>
      <line num="49" count="17" type="stmt"/>
      <line num="50" count="17" type="stmt"/>
      <line num="51" count="17" type="stmt"/>
      <line num="53" count="17" type="stmt"/>
      <line num="55" count="17" type="stmt"/>
      <line num="57" count="17" type="stmt"/>
      <line num="59" count="17" type="stmt"/>
      <line num="61" count="17" type="stmt"/>
      <line num="64" count="17" type="stmt"/>
      <line num="65" count="17" type="stmt"/>
      <line num="69" count="1" type="stmt"/>
      <line num="75" count="2" type="cond" truecount="1" falsecount="1"/>
      <line num="76" count="2" type="stmt"/>
      <line num="77" count="2" type="stmt"/>
      <line num="78" count="2" type="stmt"/>
      <line num="79" count="2" type="stmt"/>
      <line num="81" count="0" type="stmt"/>
      <line num="83" count="2" type="stmt"/>
      <line num="86" count="1" type="stmt"/>
      <line num="91" count="17" type="cond" truecount="1" falsecount="1"/>
      <line num="92" count="0" type="stmt"/>
      <line num="93" count="0" type="stmt"/>
      <line num="94" count="0" type="stmt"/>
      <line num="95" count="0" type="stmt"/>
      <line num="97" count="17" type="stmt"/>
      <line num="98" count="17" type="stmt"/>
      <line num="99" count="17" type="stmt"/>
      <line num="100" count="17" type="stmt"/>
      <line num="101" count="17" type="stmt"/>
      <line num="106" count="1" type="stmt"/>
      <line num="112" count="3" type="cond" truecount="2" falsecount="0"/>
      <line num="113" count="2" type="stmt"/>
      <line num="114" count="2" type="stmt"/>
      <line num="115" count="2" type="stmt"/>
      <line num="116" count="2" type="stmt"/>
      <line num="117" count="2" type="stmt"/>
      <line num="118" count="2" type="stmt"/>
      <line num="119" count="2" type="stmt"/>
      <line num="120" count="2" type="stmt"/>
      <line num="122" count="1" type="stmt"/>
      <line num="123" count="1" type="stmt"/>
      <line num="124" count="1" type="stmt"/>
      <line num="125" count="1" type="stmt"/>
      <line num="126" count="1" type="stmt"/>
      <line num="127" count="1" type="stmt"/>
      <line num="128" count="1" type="stmt"/>
      <line num="129" count="1" type="stmt"/>
      <line num="132" count="1" type="stmt"/>
      <line num="139" count="2" type="stmt"/>
      <line num="141" count="2" type="stmt"/>
      <line num="142" count="0" type="stmt"/>
      <line num="144" count="2" type="stmt"/>
      <line num="145" count="2" type="stmt"/>
      <line num="146" count="2" type="stmt"/>
      <line num="149" count="1" type="stmt"/>
      <line num="150" count="1" type="stmt"/>
      <line num="151" count="1" type="stmt"/>
      <line num="153" count="3" type="cond" truecount="2" falsecount="0"/>
      <line num="154" count="2" type="stmt"/>
      <line num="156" count="2" type="stmt"/>
      <line num="157" count="6" type="stmt"/>
      <line num="160" count="3" type="stmt"/>
      <line num="162" count="1" type="stmt"/>
      <line num="163" count="1" type="stmt"/>
      <line num="164" count="1" type="stmt"/>
      <line num="165" count="1" type="stmt"/>
      <line num="168" count="1" type="stmt"/>
      <line num="170" count="17" type="stmt"/>
      <line num="171" count="0" type="stmt"/>
      <line num="173" count="0" type="stmt"/>
      <line num="174" count="0" type="stmt"/>
      <line num="176" count="0" type="stmt"/>
      <line num="177" count="0" type="stmt"/>
      <line num="178" count="0" type="stmt"/>
      <line num="182" count="1" type="stmt"/>
      <line num="183" count="17" type="stmt"/>
      <line num="184" count="0" type="cond" truecount="0" falsecount="2"/>
      <line num="185" count="0" type="stmt"/>
      <line num="186" count="0" type="stmt"/>
      <line num="191" count="0" type="stmt"/>
      <line num="196" count="1" type="stmt"/>
      <line num="201" count="17" type="stmt"/>
      <line num="202" count="0" type="cond" truecount="0" falsecount="2"/>
      <line num="203" count="0" type="stmt"/>
      <line num="204" count="0" type="stmt"/>
      <line num="205" count="0" type="stmt"/>
      <line num="206" count="0" type="stmt"/>
      <line num="207" count="0" type="stmt"/>
      <line num="208" count="0" type="stmt"/>
      <line num="213" count="0" type="stmt"/>
      <line num="214" count="0" type="stmt"/>
      <line num="215" count="0" type="stmt"/>
      <line num="216" count="0" type="stmt"/>
      <line num="217" count="0" type="stmt"/>
      <line num="218" count="0" type="stmt"/>
      <line num="226" count="1" type="stmt"/>
      <line num="227" count="0" type="stmt"/>
      <line num="228" count="0" type="stmt"/>
      <line num="230" count="0" type="cond" truecount="0" falsecount="2"/>
      <line num="231" count="0" type="stmt"/>
      <line num="233" count="0" type="stmt"/>
      <line num="234" count="0" type="stmt"/>
      <line num="237" count="0" type="stmt"/>
      <line num="239" count="0" type="stmt"/>
      <line num="240" count="0" type="stmt"/>
      <line num="241" count="0" type="stmt"/>
    </file>
    <file name="values.js" path="C:\Users\Dell\Desktop\To-Do-List\modules\values.js">
      <metrics statements="4" coveredstatements="4" conditionals="0" coveredconditionals="0" methods="0" coveredmethods="0"/>
      <line num="1" count="1" type="stmt"/>
      <line num="2" count="1" type="stmt"/>
      <line num="3" count="1" type="stmt"/>
      <line num="4" count="1" type="stmt"/>
    </file>
  </project>
</coverage>
