{"C:\\Users\\Dell\\Desktop\\To-Do-List\\modules\\toDoListFunctionlity.js": {"path":"C:\\Users\\Dell\\Desktop\\To-Do-List\\modules\\toDoListFunctionlity.js","statementMap":{"0":{"start":{"line":5,"column":4},"end":{"line":5,"column":28}},"1":{"start":{"line":6,"column":4},"end":{"line":6,"column":29}},"2":{"start":{"line":9,"column":16},"end":{"line":12,"column":3}},"3":{"start":{"line":10,"column":4},"end":{"line":10,"column":75}},"4":{"start":{"line":11,"column":4},"end":{"line":11,"column":30}},"5":{"start":{"line":14,"column":18},"end":{"line":31,"column":3}},"6":{"start":{"line":15,"column":22},"end":{"line":15,"column":52}},"7":{"start":{"line":16,"column":19},"end":{"line":16,"column":55}},"8":{"start":{"line":17,"column":20},"end":{"line":21,"column":5}},"9":{"start":{"line":22,"column":4},"end":{"line":22,"column":37}},"10":{"start":{"line":23,"column":4},"end":{"line":23,"column":25}},"11":{"start":{"line":25,"column":4},"end":{"line":25,"column":78}},"12":{"start":{"line":27,"column":4},"end":{"line":27,"column":19}},"13":{"start":{"line":28,"column":4},"end":{"line":28,"column":29}},"14":{"start":{"line":29,"column":4},"end":{"line":29,"column":24}},"15":{"start":{"line":30,"column":4},"end":{"line":30,"column":30}},"16":{"start":{"line":33,"column":17},"end":{"line":67,"column":3}},"17":{"start":{"line":34,"column":21},"end":{"line":34,"column":51}},"18":{"start":{"line":36,"column":4},"end":{"line":36,"column":75}},"19":{"start":{"line":38,"column":4},"end":{"line":66,"column":7}},"20":{"start":{"line":39,"column":24},"end":{"line":39,"column":52}},"21":{"start":{"line":40,"column":6},"end":{"line":40,"column":50}},"22":{"start":{"line":41,"column":6},"end":{"line":41,"column":60}},"23":{"start":{"line":42,"column":30},"end":{"line":42,"column":61}},"24":{"start":{"line":43,"column":6},"end":{"line":43,"column":55}},"25":{"start":{"line":44,"column":6},"end":{"line":44,"column":72}},"26":{"start":{"line":45,"column":23},"end":{"line":45,"column":54}},"27":{"start":{"line":46,"column":6},"end":{"line":46,"column":44}},"28":{"start":{"line":47,"column":6},"end":{"line":47,"column":77}},"29":{"start":{"line":48,"column":6},"end":{"line":48,"column":47}},"30":{"start":{"line":49,"column":24},"end":{"line":49,"column":51}},"31":{"start":{"line":50,"column":6},"end":{"line":50,"column":57}},"32":{"start":{"line":51,"column":6},"end":{"line":51,"column":58}},"33":{"start":{"line":53,"column":6},"end":{"line":53,"column":55}},"34":{"start":{"line":55,"column":6},"end":{"line":55,"column":42}},"35":{"start":{"line":57,"column":6},"end":{"line":57,"column":65}},"36":{"start":{"line":59,"column":6},"end":{"line":59,"column":64}},"37":{"start":{"line":61,"column":6},"end":{"line":61,"column":79}},"38":{"start":{"line":64,"column":6},"end":{"line":64,"column":61}},"39":{"start":{"line":65,"column":6},"end":{"line":65,"column":38}},"40":{"start":{"line":69,"column":23},"end":{"line":84,"column":3}},"41":{"start":{"line":75,"column":4},"end":{"line":82,"column":5}},"42":{"start":{"line":76,"column":6},"end":{"line":76,"column":52}},"43":{"start":{"line":77,"column":6},"end":{"line":77,"column":46}},"44":{"start":{"line":78,"column":6},"end":{"line":78,"column":59}},"45":{"start":{"line":79,"column":6},"end":{"line":79,"column":80}},"46":{"start":{"line":81,"column":6},"end":{"line":81,"column":60}},"47":{"start":{"line":83,"column":4},"end":{"line":83,"column":34}},"48":{"start":{"line":86,"column":25},"end":{"line":103,"column":3}},"49":{"start":{"line":91,"column":4},"end":{"line":102,"column":5}},"50":{"start":{"line":92,"column":6},"end":{"line":92,"column":62}},"51":{"start":{"line":93,"column":6},"end":{"line":93,"column":57}},"52":{"start":{"line":94,"column":6},"end":{"line":94,"column":61}},"53":{"start":{"line":95,"column":6},"end":{"line":95,"column":44}},"54":{"start":{"line":97,"column":6},"end":{"line":97,"column":47}},"55":{"start":{"line":98,"column":6},"end":{"line":98,"column":49}},"56":{"start":{"line":99,"column":6},"end":{"line":99,"column":53}},"57":{"start":{"line":100,"column":6},"end":{"line":100,"column":44}},"58":{"start":{"line":101,"column":6},"end":{"line":101,"column":42}},"59":{"start":{"line":106,"column":28},"end":{"line":130,"column":3}},"60":{"start":{"line":112,"column":4},"end":{"line":121,"column":5}},"61":{"start":{"line":113,"column":6},"end":{"line":113,"column":62}},"62":{"start":{"line":114,"column":6},"end":{"line":114,"column":57}},"63":{"start":{"line":115,"column":6},"end":{"line":115,"column":61}},"64":{"start":{"line":116,"column":6},"end":{"line":116,"column":44}},"65":{"start":{"line":117,"column":6},"end":{"line":117,"column":41}},"66":{"start":{"line":118,"column":6},"end":{"line":118,"column":63}},"67":{"start":{"line":119,"column":6},"end":{"line":119,"column":80}},"68":{"start":{"line":120,"column":6},"end":{"line":120,"column":41}},"69":{"start":{"line":122,"column":4},"end":{"line":122,"column":47}},"70":{"start":{"line":123,"column":4},"end":{"line":123,"column":45}},"71":{"start":{"line":124,"column":4},"end":{"line":124,"column":51}},"72":{"start":{"line":125,"column":4},"end":{"line":125,"column":42}},"73":{"start":{"line":126,"column":4},"end":{"line":126,"column":40}},"74":{"start":{"line":127,"column":4},"end":{"line":127,"column":61}},"75":{"start":{"line":128,"column":4},"end":{"line":128,"column":78}},"76":{"start":{"line":129,"column":4},"end":{"line":129,"column":39}},"77":{"start":{"line":132,"column":19},"end":{"line":147,"column":3}},"78":{"start":{"line":139,"column":4},"end":{"line":139,"column":52}},"79":{"start":{"line":141,"column":4},"end":{"line":143,"column":7}},"80":{"start":{"line":142,"column":6},"end":{"line":142,"column":35}},"81":{"start":{"line":144,"column":4},"end":{"line":144,"column":78}},"82":{"start":{"line":145,"column":4},"end":{"line":145,"column":23}},"83":{"start":{"line":146,"column":4},"end":{"line":146,"column":30}},"84":{"start":{"line":149,"column":28},"end":{"line":166,"column":3}},"85":{"start":{"line":150,"column":22},"end":{"line":150,"column":52}},"86":{"start":{"line":151,"column":4},"end":{"line":161,"column":7}},"87":{"start":{"line":153,"column":6},"end":{"line":159,"column":7}},"88":{"start":{"line":154,"column":8},"end":{"line":154,"column":26}},"89":{"start":{"line":156,"column":8},"end":{"line":158,"column":11}},"90":{"start":{"line":157,"column":10},"end":{"line":157,"column":39}},"91":{"start":{"line":160,"column":6},"end":{"line":160,"column":18}},"92":{"start":{"line":162,"column":4},"end":{"line":162,"column":78}},"93":{"start":{"line":163,"column":4},"end":{"line":163,"column":29}},"94":{"start":{"line":164,"column":4},"end":{"line":164,"column":24}},"95":{"start":{"line":165,"column":4},"end":{"line":165,"column":30}},"96":{"start":{"line":168,"column":15},"end":{"line":180,"column":3}},"97":{"start":{"line":170,"column":4},"end":{"line":179,"column":7}},"98":{"start":{"line":171,"column":6},"end":{"line":171,"column":54}},"99":{"start":{"line":173,"column":6},"end":{"line":175,"column":9}},"100":{"start":{"line":174,"column":8},"end":{"line":174,"column":37}},"101":{"start":{"line":176,"column":6},"end":{"line":176,"column":80}},"102":{"start":{"line":177,"column":6},"end":{"line":177,"column":25}},"103":{"start":{"line":178,"column":6},"end":{"line":178,"column":31}},"104":{"start":{"line":182,"column":19},"end":{"line":194,"column":3}},"105":{"start":{"line":183,"column":4},"end":{"line":193,"column":7}},"106":{"start":{"line":184,"column":6},"end":{"line":192,"column":7}},"107":{"start":{"line":185,"column":8},"end":{"line":185,"column":62}},"108":{"start":{"line":186,"column":8},"end":{"line":189,"column":10}},"109":{"start":{"line":191,"column":8},"end":{"line":191,"column":62}},"110":{"start":{"line":196,"column":24},"end":{"line":224,"column":3}},"111":{"start":{"line":201,"column":4},"end":{"line":223,"column":7}},"112":{"start":{"line":202,"column":6},"end":{"line":222,"column":7}},"113":{"start":{"line":203,"column":8},"end":{"line":203,"column":64}},"114":{"start":{"line":204,"column":8},"end":{"line":204,"column":59}},"115":{"start":{"line":205,"column":8},"end":{"line":205,"column":63}},"116":{"start":{"line":206,"column":8},"end":{"line":206,"column":46}},"117":{"start":{"line":207,"column":8},"end":{"line":207,"column":43}},"118":{"start":{"line":208,"column":8},"end":{"line":211,"column":10}},"119":{"start":{"line":213,"column":8},"end":{"line":213,"column":51}},"120":{"start":{"line":214,"column":8},"end":{"line":214,"column":49}},"121":{"start":{"line":215,"column":8},"end":{"line":215,"column":55}},"122":{"start":{"line":216,"column":8},"end":{"line":216,"column":46}},"123":{"start":{"line":217,"column":8},"end":{"line":217,"column":44}},"124":{"start":{"line":218,"column":8},"end":{"line":221,"column":10}},"125":{"start":{"line":226,"column":24},"end":{"line":243,"column":3}},"126":{"start":{"line":227,"column":4},"end":{"line":242,"column":7}},"127":{"start":{"line":228,"column":6},"end":{"line":238,"column":9}},"128":{"start":{"line":230,"column":8},"end":{"line":236,"column":9}},"129":{"start":{"line":231,"column":10},"end":{"line":231,"column":28}},"130":{"start":{"line":233,"column":10},"end":{"line":235,"column":13}},"131":{"start":{"line":234,"column":12},"end":{"line":234,"column":41}},"132":{"start":{"line":237,"column":8},"end":{"line":237,"column":20}},"133":{"start":{"line":239,"column":6},"end":{"line":239,"column":80}},"134":{"start":{"line":240,"column":6},"end":{"line":240,"column":35}},"135":{"start":{"line":241,"column":6},"end":{"line":241,"column":26}}},"fnMap":{"0":{"name":"(anonymous_0)","decl":{"start":{"line":4,"column":2},"end":{"line":4,"column":3}},"loc":{"start":{"line":4,"column":24},"end":{"line":7,"column":3}},"line":4},"1":{"name":"(anonymous_1)","decl":{"start":{"line":9,"column":16},"end":{"line":9,"column":17}},"loc":{"start":{"line":9,"column":22},"end":{"line":12,"column":3}},"line":9},"2":{"name":"(anonymous_2)","decl":{"start":{"line":14,"column":18},"end":{"line":14,"column":19}},"loc":{"start":{"line":14,"column":35},"end":{"line":31,"column":3}},"line":14},"3":{"name":"(anonymous_3)","decl":{"start":{"line":33,"column":17},"end":{"line":33,"column":18}},"loc":{"start":{"line":33,"column":23},"end":{"line":67,"column":3}},"line":33},"4":{"name":"(anonymous_4)","decl":{"start":{"line":38,"column":31},"end":{"line":38,"column":32}},"loc":{"start":{"line":38,"column":56},"end":{"line":66,"column":5}},"line":38},"5":{"name":"(anonymous_5)","decl":{"start":{"line":69,"column":23},"end":{"line":69,"column":24}},"loc":{"start":{"line":74,"column":7},"end":{"line":84,"column":3}},"line":74},"6":{"name":"(anonymous_6)","decl":{"start":{"line":86,"column":25},"end":{"line":86,"column":26}},"loc":{"start":{"line":90,"column":7},"end":{"line":103,"column":3}},"line":90},"7":{"name":"(anonymous_7)","decl":{"start":{"line":106,"column":28},"end":{"line":106,"column":29}},"loc":{"start":{"line":111,"column":7},"end":{"line":130,"column":3}},"line":111},"8":{"name":"(anonymous_8)","decl":{"start":{"line":132,"column":19},"end":{"line":132,"column":20}},"loc":{"start":{"line":137,"column":7},"end":{"line":147,"column":3}},"line":137},"9":{"name":"(anonymous_9)","decl":{"start":{"line":141,"column":26},"end":{"line":141,"column":27}},"loc":{"start":{"line":141,"column":53},"end":{"line":143,"column":5}},"line":141},"10":{"name":"(anonymous_10)","decl":{"start":{"line":149,"column":28},"end":{"line":149,"column":29}},"loc":{"start":{"line":149,"column":34},"end":{"line":166,"column":3}},"line":149},"11":{"name":"(anonymous_11)","decl":{"start":{"line":151,"column":51},"end":{"line":151,"column":52}},"loc":{"start":{"line":151,"column":67},"end":{"line":161,"column":5}},"line":151},"12":{"name":"(anonymous_12)","decl":{"start":{"line":156,"column":35},"end":{"line":156,"column":36}},"loc":{"start":{"line":156,"column":62},"end":{"line":158,"column":9}},"line":156},"13":{"name":"(anonymous_13)","decl":{"start":{"line":168,"column":15},"end":{"line":168,"column":16}},"loc":{"start":{"line":168,"column":76},"end":{"line":180,"column":3}},"line":168},"14":{"name":"(anonymous_14)","decl":{"start":{"line":170,"column":41},"end":{"line":170,"column":42}},"loc":{"start":{"line":170,"column":47},"end":{"line":179,"column":5}},"line":170},"15":{"name":"(anonymous_15)","decl":{"start":{"line":173,"column":28},"end":{"line":173,"column":29}},"loc":{"start":{"line":173,"column":55},"end":{"line":175,"column":7}},"line":173},"16":{"name":"(anonymous_16)","decl":{"start":{"line":182,"column":19},"end":{"line":182,"column":20}},"loc":{"start":{"line":182,"column":59},"end":{"line":194,"column":3}},"line":182},"17":{"name":"(anonymous_17)","decl":{"start":{"line":183,"column":50},"end":{"line":183,"column":51}},"loc":{"start":{"line":183,"column":56},"end":{"line":193,"column":5}},"line":183},"18":{"name":"(anonymous_18)","decl":{"start":{"line":196,"column":24},"end":{"line":196,"column":25}},"loc":{"start":{"line":200,"column":7},"end":{"line":224,"column":3}},"line":200},"19":{"name":"(anonymous_19)","decl":{"start":{"line":201,"column":47},"end":{"line":201,"column":48}},"loc":{"start":{"line":201,"column":53},"end":{"line":223,"column":5}},"line":201},"20":{"name":"(anonymous_20)","decl":{"start":{"line":226,"column":24},"end":{"line":226,"column":25}},"loc":{"start":{"line":226,"column":30},"end":{"line":243,"column":3}},"line":226},"21":{"name":"(anonymous_21)","decl":{"start":{"line":227,"column":39},"end":{"line":227,"column":40}},"loc":{"start":{"line":227,"column":45},"end":{"line":242,"column":5}},"line":227},"22":{"name":"(anonymous_22)","decl":{"start":{"line":228,"column":53},"end":{"line":228,"column":54}},"loc":{"start":{"line":228,"column":69},"end":{"line":238,"column":7}},"line":228},"23":{"name":"(anonymous_23)","decl":{"start":{"line":233,"column":37},"end":{"line":233,"column":38}},"loc":{"start":{"line":233,"column":64},"end":{"line":235,"column":11}},"line":233}},"branchMap":{"0":{"loc":{"start":{"line":75,"column":4},"end":{"line":82,"column":5}},"type":"if","locations":[{"start":{"line":75,"column":4},"end":{"line":82,"column":5}},{"start":{"line":80,"column":11},"end":{"line":82,"column":5}}],"line":75},"1":{"loc":{"start":{"line":91,"column":4},"end":{"line":102,"column":5}},"type":"if","locations":[{"start":{"line":91,"column":4},"end":{"line":102,"column":5}},{"start":{"line":96,"column":11},"end":{"line":102,"column":5}}],"line":91},"2":{"loc":{"start":{"line":112,"column":4},"end":{"line":121,"column":5}},"type":"if","locations":[{"start":{"line":112,"column":4},"end":{"line":121,"column":5}},{"start":{},"end":{}}],"line":112},"3":{"loc":{"start":{"line":153,"column":6},"end":{"line":159,"column":7}},"type":"if","locations":[{"start":{"line":153,"column":6},"end":{"line":159,"column":7}},{"start":{},"end":{}}],"line":153},"4":{"loc":{"start":{"line":184,"column":6},"end":{"line":192,"column":7}},"type":"if","locations":[{"start":{"line":184,"column":6},"end":{"line":192,"column":7}},{"start":{"line":190,"column":13},"end":{"line":192,"column":7}}],"line":184},"5":{"loc":{"start":{"line":202,"column":6},"end":{"line":222,"column":7}},"type":"if","locations":[{"start":{"line":202,"column":6},"end":{"line":222,"column":7}},{"start":{"line":212,"column":13},"end":{"line":222,"column":7}}],"line":202},"6":{"loc":{"start":{"line":230,"column":8},"end":{"line":236,"column":9}},"type":"if","locations":[{"start":{"line":230,"column":8},"end":{"line":236,"column":9}},{"start":{},"end":{}}],"line":230}},"s":{"0":1,"1":1,"2":1,"3":0,"4":0,"5":1,"6":5,"7":5,"8":5,"9":5,"10":5,"11":5,"12":5,"13":5,"14":5,"15":5,"16":1,"17":6,"18":6,"19":6,"20":17,"21":17,"22":17,"23":17,"24":17,"25":17,"26":17,"27":17,"28":17,"29":17,"30":17,"31":17,"32":17,"33":17,"34":17,"35":17,"36":17,"37":17,"38":17,"39":17,"40":1,"41":2,"42":2,"43":2,"44":2,"45":2,"46":0,"47":2,"48":1,"49":17,"50":0,"51":0,"52":0,"53":0,"54":17,"55":17,"56":17,"57":17,"58":17,"59":1,"60":3,"61":2,"62":2,"63":2,"64":2,"65":2,"66":2,"67":2,"68":2,"69":1,"70":1,"71":1,"72":1,"73":1,"74":1,"75":1,"76":1,"77":1,"78":2,"79":2,"80":0,"81":2,"82":2,"83":2,"84":1,"85":1,"86":1,"87":3,"88":2,"89":2,"90":6,"91":3,"92":1,"93":1,"94":1,"95":1,"96":1,"97":17,"98":0,"99":0,"100":0,"101":0,"102":0,"103":0,"104":1,"105":17,"106":0,"107":0,"108":0,"109":0,"110":1,"111":17,"112":0,"113":0,"114":0,"115":0,"116":0,"117":0,"118":0,"119":0,"120":0,"121":0,"122":0,"123":0,"124":0,"125":1,"126":0,"127":0,"128":0,"129":0,"130":0,"131":0,"132":0,"133":0,"134":0,"135":0},"f":{"0":1,"1":0,"2":5,"3":6,"4":17,"5":2,"6":17,"7":3,"8":2,"9":0,"10":1,"11":3,"12":6,"13":17,"14":0,"15":0,"16":17,"17":0,"18":17,"19":0,"20":0,"21":0,"22":0,"23":0},"b":{"0":[2,0],"1":[0,17],"2":[2,1],"3":[2,1],"4":[0,0],"5":[0,0],"6":[0,0]},"_coverageSchema":"1a1c01bbd47fc00a2c39e90264f33305004495a9","hash":"d98753add42010adaa75db68aa7d7f236191a76d"}
,"C:\\Users\\Dell\\Desktop\\To-Do-List\\modules\\values.js": {"path":"C:\\Users\\Dell\\Desktop\\To-Do-List\\modules\\values.js","statementMap":{"0":{"start":{"line":1,"column":25},"end":{"line":1,"column":55}},"1":{"start":{"line":2,"column":24},"end":{"line":2,"column":55}},"2":{"start":{"line":3,"column":20},"end":{"line":3,"column":56}},"3":{"start":{"line":4,"column":24},"end":{"line":4,"column":56}}},"fnMap":{},"branchMap":{},"s":{"0":1,"1":1,"2":1,"3":1},"f":{},"b":{},"_coverageSchema":"1a1c01bbd47fc00a2c39e90264f33305004495a9","hash":"c958b0003db245784a26571f0ab26246153d2ddb"}
}
