{"C:\\Users\\Dell\\Desktop\\To-Do-List\\modules\\toDoListFunctionlity.js": {"path":"C:\\Users\\Dell\\Desktop\\To-Do-List\\modules\\toDoListFunctionlity.js","statementMap":{"0":{"start":{"line":5,"column":4},"end":{"line":5,"column":28}},"1":{"start":{"line":6,"column":4},"end":{"line":6,"column":29}},"2":{"start":{"line":9,"column":18},"end":{"line":12,"column":5}},"3":{"start":{"line":10,"column":6},"end":{"line":10,"column":77}},"4":{"start":{"line":11,"column":6},"end":{"line":11,"column":32}},"5":{"start":{"line":14,"column":20},"end":{"line":31,"column":5}},"6":{"start":{"line":15,"column":24},"end":{"line":15,"column":54}},"7":{"start":{"line":16,"column":21},"end":{"line":16,"column":57}},"8":{"start":{"line":17,"column":22},"end":{"line":21,"column":7}},"9":{"start":{"line":22,"column":6},"end":{"line":22,"column":39}},"10":{"start":{"line":23,"column":6},"end":{"line":23,"column":27}},"11":{"start":{"line":25,"column":6},"end":{"line":25,"column":80}},"12":{"start":{"line":27,"column":6},"end":{"line":27,"column":21}},"13":{"start":{"line":28,"column":6},"end":{"line":28,"column":31}},"14":{"start":{"line":29,"column":6},"end":{"line":29,"column":26}},"15":{"start":{"line":30,"column":6},"end":{"line":30,"column":32}},"16":{"start":{"line":33,"column":19},"end":{"line":66,"column":5}},"17":{"start":{"line":34,"column":23},"end":{"line":34,"column":53}},"18":{"start":{"line":36,"column":6},"end":{"line":36,"column":77}},"19":{"start":{"line":38,"column":6},"end":{"line":65,"column":9}},"20":{"start":{"line":39,"column":26},"end":{"line":39,"column":54}},"21":{"start":{"line":40,"column":8},"end":{"line":40,"column":52}},"22":{"start":{"line":41,"column":8},"end":{"line":41,"column":62}},"23":{"start":{"line":42,"column":32},"end":{"line":42,"column":63}},"24":{"start":{"line":43,"column":8},"end":{"line":43,"column":57}},"25":{"start":{"line":44,"column":8},"end":{"line":44,"column":74}},"26":{"start":{"line":45,"column":25},"end":{"line":45,"column":56}},"27":{"start":{"line":46,"column":8},"end":{"line":46,"column":46}},"28":{"start":{"line":47,"column":8},"end":{"line":47,"column":56}},"29":{"start":{"line":48,"column":26},"end":{"line":48,"column":53}},"30":{"start":{"line":49,"column":8},"end":{"line":49,"column":59}},"31":{"start":{"line":50,"column":8},"end":{"line":50,"column":60}},"32":{"start":{"line":52,"column":8},"end":{"line":52,"column":57}},"33":{"start":{"line":54,"column":8},"end":{"line":54,"column":44}},"34":{"start":{"line":56,"column":8},"end":{"line":56,"column":67}},"35":{"start":{"line":58,"column":8},"end":{"line":58,"column":66}},"36":{"start":{"line":60,"column":8},"end":{"line":60,"column":81}},"37":{"start":{"line":63,"column":8},"end":{"line":63,"column":63}},"38":{"start":{"line":64,"column":8},"end":{"line":64,"column":40}},"39":{"start":{"line":68,"column":21},"end":{"line":77,"column":5}},"40":{"start":{"line":69,"column":6},"end":{"line":76,"column":9}},"41":{"start":{"line":70,"column":8},"end":{"line":75,"column":9}},"42":{"start":{"line":71,"column":10},"end":{"line":71,"column":64}},"43":{"start":{"line":72,"column":10},"end":{"line":72,"column":84}},"44":{"start":{"line":74,"column":10},"end":{"line":74,"column":64}},"45":{"start":{"line":79,"column":27},"end":{"line":92,"column":5}},"46":{"start":{"line":80,"column":6},"end":{"line":91,"column":7}},"47":{"start":{"line":81,"column":8},"end":{"line":81,"column":64}},"48":{"start":{"line":82,"column":8},"end":{"line":82,"column":59}},"49":{"start":{"line":83,"column":8},"end":{"line":83,"column":63}},"50":{"start":{"line":84,"column":8},"end":{"line":84,"column":46}},"51":{"start":{"line":86,"column":8},"end":{"line":86,"column":49}},"52":{"start":{"line":87,"column":8},"end":{"line":87,"column":51}},"53":{"start":{"line":88,"column":8},"end":{"line":88,"column":55}},"54":{"start":{"line":89,"column":8},"end":{"line":89,"column":46}},"55":{"start":{"line":90,"column":8},"end":{"line":90,"column":44}},"56":{"start":{"line":94,"column":26},"end":{"line":112,"column":5}},"57":{"start":{"line":95,"column":6},"end":{"line":111,"column":9}},"58":{"start":{"line":96,"column":8},"end":{"line":110,"column":9}},"59":{"start":{"line":97,"column":10},"end":{"line":97,"column":66}},"60":{"start":{"line":98,"column":10},"end":{"line":98,"column":61}},"61":{"start":{"line":99,"column":10},"end":{"line":99,"column":65}},"62":{"start":{"line":100,"column":10},"end":{"line":100,"column":48}},"63":{"start":{"line":101,"column":10},"end":{"line":101,"column":45}},"64":{"start":{"line":102,"column":10},"end":{"line":102,"column":84}},"65":{"start":{"line":104,"column":10},"end":{"line":104,"column":53}},"66":{"start":{"line":105,"column":10},"end":{"line":105,"column":51}},"67":{"start":{"line":106,"column":10},"end":{"line":106,"column":57}},"68":{"start":{"line":107,"column":10},"end":{"line":107,"column":48}},"69":{"start":{"line":108,"column":10},"end":{"line":108,"column":46}},"70":{"start":{"line":109,"column":10},"end":{"line":109,"column":84}},"71":{"start":{"line":114,"column":21},"end":{"line":124,"column":5}},"72":{"start":{"line":116,"column":6},"end":{"line":116,"column":54}},"73":{"start":{"line":118,"column":6},"end":{"line":120,"column":9}},"74":{"start":{"line":119,"column":8},"end":{"line":119,"column":37}},"75":{"start":{"line":121,"column":6},"end":{"line":121,"column":80}},"76":{"start":{"line":122,"column":6},"end":{"line":122,"column":25}},"77":{"start":{"line":123,"column":6},"end":{"line":123,"column":32}},"78":{"start":{"line":126,"column":26},"end":{"line":143,"column":5}},"79":{"start":{"line":127,"column":6},"end":{"line":142,"column":9}},"80":{"start":{"line":128,"column":8},"end":{"line":138,"column":11}},"81":{"start":{"line":130,"column":10},"end":{"line":136,"column":11}},"82":{"start":{"line":131,"column":12},"end":{"line":131,"column":26}},"83":{"start":{"line":133,"column":12},"end":{"line":135,"column":15}},"84":{"start":{"line":134,"column":14},"end":{"line":134,"column":43}},"85":{"start":{"line":137,"column":10},"end":{"line":137,"column":22}},"86":{"start":{"line":139,"column":8},"end":{"line":139,"column":82}},"87":{"start":{"line":140,"column":8},"end":{"line":140,"column":37}},"88":{"start":{"line":141,"column":8},"end":{"line":141,"column":28}},"89":{"start":{"line":145,"column":17},"end":{"line":157,"column":5}},"90":{"start":{"line":147,"column":6},"end":{"line":156,"column":9}},"91":{"start":{"line":148,"column":8},"end":{"line":148,"column":56}},"92":{"start":{"line":150,"column":8},"end":{"line":152,"column":11}},"93":{"start":{"line":151,"column":10},"end":{"line":151,"column":39}},"94":{"start":{"line":153,"column":8},"end":{"line":153,"column":82}},"95":{"start":{"line":154,"column":8},"end":{"line":154,"column":27}},"96":{"start":{"line":155,"column":8},"end":{"line":155,"column":33}}},"fnMap":{"0":{"name":"(anonymous_0)","decl":{"start":{"line":4,"column":2},"end":{"line":4,"column":3}},"loc":{"start":{"line":4,"column":24},"end":{"line":7,"column":3}},"line":4},"1":{"name":"(anonymous_1)","decl":{"start":{"line":9,"column":18},"end":{"line":9,"column":19}},"loc":{"start":{"line":9,"column":24},"end":{"line":12,"column":5}},"line":9},"2":{"name":"(anonymous_2)","decl":{"start":{"line":14,"column":20},"end":{"line":14,"column":21}},"loc":{"start":{"line":14,"column":37},"end":{"line":31,"column":5}},"line":14},"3":{"name":"(anonymous_3)","decl":{"start":{"line":33,"column":19},"end":{"line":33,"column":20}},"loc":{"start":{"line":33,"column":25},"end":{"line":66,"column":5}},"line":33},"4":{"name":"(anonymous_4)","decl":{"start":{"line":38,"column":33},"end":{"line":38,"column":34}},"loc":{"start":{"line":38,"column":58},"end":{"line":65,"column":7}},"line":38},"5":{"name":"(anonymous_5)","decl":{"start":{"line":68,"column":21},"end":{"line":68,"column":22}},"loc":{"start":{"line":68,"column":61},"end":{"line":77,"column":5}},"line":68},"6":{"name":"(anonymous_6)","decl":{"start":{"line":69,"column":52},"end":{"line":69,"column":53}},"loc":{"start":{"line":69,"column":58},"end":{"line":76,"column":7}},"line":69},"7":{"name":"(anonymous_7)","decl":{"start":{"line":79,"column":27},"end":{"line":79,"column":28}},"loc":{"start":{"line":79,"column":85},"end":{"line":92,"column":5}},"line":79},"8":{"name":"(anonymous_8)","decl":{"start":{"line":94,"column":26},"end":{"line":94,"column":27}},"loc":{"start":{"line":94,"column":84},"end":{"line":112,"column":5}},"line":94},"9":{"name":"(anonymous_9)","decl":{"start":{"line":95,"column":49},"end":{"line":95,"column":50}},"loc":{"start":{"line":95,"column":55},"end":{"line":111,"column":7}},"line":95},"10":{"name":"(anonymous_10)","decl":{"start":{"line":114,"column":21},"end":{"line":114,"column":22}},"loc":{"start":{"line":114,"column":82},"end":{"line":124,"column":5}},"line":114},"11":{"name":"(anonymous_11)","decl":{"start":{"line":118,"column":28},"end":{"line":118,"column":29}},"loc":{"start":{"line":118,"column":55},"end":{"line":120,"column":7}},"line":118},"12":{"name":"(anonymous_12)","decl":{"start":{"line":126,"column":26},"end":{"line":126,"column":27}},"loc":{"start":{"line":126,"column":32},"end":{"line":143,"column":5}},"line":126},"13":{"name":"(anonymous_13)","decl":{"start":{"line":127,"column":41},"end":{"line":127,"column":42}},"loc":{"start":{"line":127,"column":47},"end":{"line":142,"column":7}},"line":127},"14":{"name":"(anonymous_14)","decl":{"start":{"line":128,"column":55},"end":{"line":128,"column":56}},"loc":{"start":{"line":128,"column":67},"end":{"line":138,"column":9}},"line":128},"15":{"name":"(anonymous_15)","decl":{"start":{"line":133,"column":39},"end":{"line":133,"column":40}},"loc":{"start":{"line":133,"column":66},"end":{"line":135,"column":13}},"line":133},"16":{"name":"(anonymous_16)","decl":{"start":{"line":145,"column":17},"end":{"line":145,"column":18}},"loc":{"start":{"line":145,"column":78},"end":{"line":157,"column":5}},"line":145},"17":{"name":"(anonymous_17)","decl":{"start":{"line":147,"column":43},"end":{"line":147,"column":44}},"loc":{"start":{"line":147,"column":49},"end":{"line":156,"column":7}},"line":147},"18":{"name":"(anonymous_18)","decl":{"start":{"line":150,"column":30},"end":{"line":150,"column":31}},"loc":{"start":{"line":150,"column":57},"end":{"line":152,"column":9}},"line":150}},"branchMap":{"0":{"loc":{"start":{"line":70,"column":8},"end":{"line":75,"column":9}},"type":"if","locations":[{"start":{"line":70,"column":8},"end":{"line":75,"column":9}},{"start":{"line":73,"column":15},"end":{"line":75,"column":9}}],"line":70},"1":{"loc":{"start":{"line":80,"column":6},"end":{"line":91,"column":7}},"type":"if","locations":[{"start":{"line":80,"column":6},"end":{"line":91,"column":7}},{"start":{"line":85,"column":13},"end":{"line":91,"column":7}}],"line":80},"2":{"loc":{"start":{"line":96,"column":8},"end":{"line":110,"column":9}},"type":"if","locations":[{"start":{"line":96,"column":8},"end":{"line":110,"column":9}},{"start":{"line":103,"column":15},"end":{"line":110,"column":9}}],"line":96},"3":{"loc":{"start":{"line":130,"column":10},"end":{"line":136,"column":11}},"type":"if","locations":[{"start":{"line":130,"column":10},"end":{"line":136,"column":11}},{"start":{},"end":{}}],"line":130}},"s":{"0":1,"1":1,"2":1,"3":0,"4":0,"5":1,"6":5,"7":5,"8":5,"9":5,"10":5,"11":5,"12":5,"13":5,"14":5,"15":5,"16":1,"17":5,"18":5,"19":5,"20":15,"21":15,"22":15,"23":15,"24":15,"25":15,"26":15,"27":15,"28":15,"29":15,"30":15,"31":15,"32":15,"33":15,"34":15,"35":15,"36":15,"37":15,"38":15,"39":1,"40":15,"41":0,"42":0,"43":0,"44":0,"45":1,"46":15,"47":0,"48":0,"49":0,"50":0,"51":15,"52":15,"53":15,"54":15,"55":15,"56":1,"57":15,"58":0,"59":0,"60":0,"61":0,"62":0,"63":0,"64":0,"65":0,"66":0,"67":0,"68":0,"69":0,"70":0,"71":1,"72":2,"73":2,"74":0,"75":2,"76":2,"77":2,"78":1,"79":0,"80":0,"81":0,"82":0,"83":0,"84":0,"85":0,"86":0,"87":0,"88":0,"89":1,"90":15,"91":0,"92":0,"93":0,"94":0,"95":0,"96":0},"f":{"0":1,"1":0,"2":5,"3":5,"4":15,"5":15,"6":0,"7":15,"8":15,"9":0,"10":2,"11":0,"12":0,"13":0,"14":0,"15":0,"16":15,"17":0,"18":0},"b":{"0":[0,0],"1":[0,15],"2":[0,0],"3":[0,0]},"_coverageSchema":"1a1c01bbd47fc00a2c39e90264f33305004495a9","hash":"a76d7ef259a15b47b24d8a4a00c3435d76b05ab5"}
,"C:\\Users\\Dell\\Desktop\\To-Do-List\\modules\\values.js": {"path":"C:\\Users\\Dell\\Desktop\\To-Do-List\\modules\\values.js","statementMap":{"0":{"start":{"line":1,"column":25},"end":{"line":1,"column":55}},"1":{"start":{"line":2,"column":24},"end":{"line":2,"column":55}},"2":{"start":{"line":3,"column":20},"end":{"line":3,"column":56}},"3":{"start":{"line":4,"column":24},"end":{"line":4,"column":56}},"4":{"start":{"line":5,"column":22},"end":{"line":5,"column":58}}},"fnMap":{},"branchMap":{},"s":{"0":1,"1":1,"2":1,"3":1,"4":1},"f":{},"b":{},"_coverageSchema":"1a1c01bbd47fc00a2c39e90264f33305004495a9","hash":"09b86af97f68e3854787adb786459c6e3899a38e"}
}
