TN:
SF:modules\toDoListFunctionlity.js
FN:4,(anonymous_0)
FN:9,(anonymous_1)
FN:14,(anonymous_2)
FN:33,(anonymous_3)
FN:38,(anonymous_4)
FN:69,(anonymous_5)
FN:81,(anonymous_6)
FN:97,(anonymous_7)
FN:118,(anonymous_8)
FN:122,(anonymous_9)
FN:130,(anonymous_10)
FN:132,(anonymous_11)
FN:137,(anonymous_12)
FN:149,(anonymous_13)
FN:151,(anonymous_14)
FN:154,(anonymous_15)
FN:163,(anonymous_16)
FN:164,(anonymous_17)
FN:174,(anonymous_18)
FN:175,(anonymous_19)
FN:194,(anonymous_20)
FN:195,(anonymous_21)
FN:196,(anonymous_22)
FN:201,(anonymous_23)
FNF:24
FNH:14
FNDA:1,(anonymous_0)
FNDA:0,(anonymous_1)
FNDA:5,(anonymous_2)
FNDA:6,(anonymous_3)
FNDA:17,(anonymous_4)
FNDA:2,(anonymous_5)
FNDA:17,(anonymous_6)
FNDA:3,(anonymous_7)
FNDA:2,(anonymous_8)
FNDA:0,(anonymous_9)
FNDA:1,(anonymous_10)
FNDA:3,(anonymous_11)
FNDA:6,(anonymous_12)
FNDA:17,(anonymous_13)
FNDA:0,(anonymous_14)
FNDA:0,(anonymous_15)
FNDA:17,(anonymous_16)
FNDA:0,(anonymous_17)
FNDA:17,(anonymous_18)
FNDA:0,(anonymous_19)
FNDA:0,(anonymous_20)
FNDA:0,(anonymous_21)
FNDA:0,(anonymous_22)
FNDA:0,(anonymous_23)
DA:5,1
DA:6,1
DA:9,1
DA:10,0
DA:11,0
DA:14,1
DA:15,5
DA:16,5
DA:17,5
DA:22,5
DA:23,5
DA:25,5
DA:27,5
DA:28,5
DA:29,5
DA:30,5
DA:33,1
DA:34,6
DA:36,6
DA:38,6
DA:39,17
DA:40,17
DA:41,17
DA:42,17
DA:43,17
DA:44,17
DA:45,17
DA:46,17
DA:47,17
DA:48,17
DA:49,17
DA:50,17
DA:51,17
DA:53,17
DA:55,17
DA:57,17
DA:59,17
DA:61,17
DA:64,17
DA:65,17
DA:69,1
DA:70,2
DA:71,2
DA:72,2
DA:73,2
DA:74,2
DA:76,0
DA:78,2
DA:81,1
DA:82,17
DA:83,0
DA:84,0
DA:85,0
DA:86,0
DA:88,17
DA:89,17
DA:90,17
DA:91,17
DA:92,17
DA:97,1
DA:98,3
DA:99,2
DA:100,2
DA:101,2
DA:102,2
DA:103,2
DA:104,2
DA:105,2
DA:106,2
DA:108,1
DA:109,1
DA:110,1
DA:111,1
DA:112,1
DA:113,1
DA:114,1
DA:115,1
DA:118,1
DA:120,2
DA:122,2
DA:123,0
DA:125,2
DA:126,2
DA:127,2
DA:130,1
DA:131,1
DA:132,1
DA:134,3
DA:135,2
DA:137,2
DA:138,6
DA:141,3
DA:143,1
DA:144,1
DA:145,1
DA:146,1
DA:149,1
DA:151,17
DA:152,0
DA:154,0
DA:155,0
DA:157,0
DA:158,0
DA:159,0
DA:163,1
DA:164,17
DA:165,0
DA:166,0
DA:167,0
DA:169,0
DA:174,1
DA:175,17
DA:176,0
DA:177,0
DA:178,0
DA:179,0
DA:180,0
DA:181,0
DA:182,0
DA:184,0
DA:185,0
DA:186,0
DA:187,0
DA:188,0
DA:189,0
DA:194,1
DA:195,0
DA:196,0
DA:198,0
DA:199,0
DA:201,0
DA:202,0
DA:205,0
DA:207,0
DA:208,0
DA:209,0
LF:136
LH:95
BRDA:70,0,0,2
BRDA:70,0,1,0
BRDA:82,1,0,0
BRDA:82,1,1,17
BRDA:98,2,0,2
BRDA:98,2,1,1
BRDA:134,3,0,2
BRDA:134,3,1,1
BRDA:165,4,0,0
BRDA:165,4,1,0
BRDA:176,5,0,0
BRDA:176,5,1,0
BRDA:198,6,0,0
BRDA:198,6,1,0
BRF:14
BRH:6
end_of_record
TN:
SF:modules\values.js
FNF:0
FNH:0
DA:1,1
DA:2,1
DA:3,1
DA:4,1
DA:5,1
LF:5
LH:5
BRF:0
BRH:0
end_of_record
