TN:
SF:modules\toDoListFunctionlity.js
FN:4,(anonymous_0)
FN:9,(anonymous_1)
FN:14,(anonymous_2)
FN:33,(anonymous_3)
FN:38,(anonymous_4)
FN:69,(anonymous_5)
FN:86,(anonymous_6)
FN:106,(anonymous_7)
FN:132,(anonymous_8)
FN:141,(anonymous_9)
FN:149,(anonymous_10)
FN:151,(anonymous_11)
FN:156,(anonymous_12)
FN:168,(anonymous_13)
FN:170,(anonymous_14)
FN:173,(anonymous_15)
FN:182,(anonymous_16)
FN:183,(anonymous_17)
FN:196,(anonymous_18)
FN:201,(anonymous_19)
FN:226,(anonymous_20)
FN:227,(anonymous_21)
FN:228,(anonymous_22)
FN:233,(anonymous_23)
FNF:24
FNH:14
FNDA:1,(anonymous_0)
FNDA:0,(anonymous_1)
FNDA:5,(anonymous_2)
FNDA:6,(anonymous_3)
FNDA:17,(anonymous_4)
FNDA:2,(anonymous_5)
FNDA:17,(anonymous_6)
FNDA:3,(anonymous_7)
FNDA:2,(anonymous_8)
FNDA:0,(anonymous_9)
FNDA:1,(anonymous_10)
FNDA:3,(anonymous_11)
FNDA:6,(anonymous_12)
FNDA:17,(anonymous_13)
FNDA:0,(anonymous_14)
FNDA:0,(anonymous_15)
FNDA:17,(anonymous_16)
FNDA:0,(anonymous_17)
FNDA:17,(anonymous_18)
FNDA:0,(anonymous_19)
FNDA:0,(anonymous_20)
FNDA:0,(anonymous_21)
FNDA:0,(anonymous_22)
FNDA:0,(anonymous_23)
DA:5,1
DA:6,1
DA:9,1
DA:10,0
DA:11,0
DA:14,1
DA:15,5
DA:16,5
DA:17,5
DA:22,5
DA:23,5
DA:25,5
DA:27,5
DA:28,5
DA:29,5
DA:30,5
DA:33,1
DA:34,6
DA:36,6
DA:38,6
DA:39,17
DA:40,17
DA:41,17
DA:42,17
DA:43,17
DA:44,17
DA:45,17
DA:46,17
DA:47,17
DA:48,17
DA:49,17
DA:50,17
DA:51,17
DA:53,17
DA:55,17
DA:57,17
DA:59,17
DA:61,17
DA:64,17
DA:65,17
DA:69,1
DA:75,2
DA:76,2
DA:77,2
DA:78,2
DA:79,2
DA:81,0
DA:83,2
DA:86,1
DA:91,17
DA:92,0
DA:93,0
DA:94,0
DA:95,0
DA:97,17
DA:98,17
DA:99,17
DA:100,17
DA:101,17
DA:106,1
DA:112,3
DA:113,2
DA:114,2
DA:115,2
DA:116,2
DA:117,2
DA:118,2
DA:119,2
DA:120,2
DA:122,1
DA:123,1
DA:124,1
DA:125,1
DA:126,1
DA:127,1
DA:128,1
DA:129,1
DA:132,1
DA:139,2
DA:141,2
DA:142,0
DA:144,2
DA:145,2
DA:146,2
DA:149,1
DA:150,1
DA:151,1
DA:153,3
DA:154,2
DA:156,2
DA:157,6
DA:160,3
DA:162,1
DA:163,1
DA:164,1
DA:165,1
DA:168,1
DA:170,17
DA:171,0
DA:173,0
DA:174,0
DA:176,0
DA:177,0
DA:178,0
DA:182,1
DA:183,17
DA:184,0
DA:185,0
DA:186,0
DA:191,0
DA:196,1
DA:201,17
DA:202,0
DA:203,0
DA:204,0
DA:205,0
DA:206,0
DA:207,0
DA:208,0
DA:213,0
DA:214,0
DA:215,0
DA:216,0
DA:217,0
DA:218,0
DA:226,1
DA:227,0
DA:228,0
DA:230,0
DA:231,0
DA:233,0
DA:234,0
DA:237,0
DA:239,0
DA:240,0
DA:241,0
LF:136
LH:95
BRDA:75,0,0,2
BRDA:75,0,1,0
BRDA:91,1,0,0
BRDA:91,1,1,17
BRDA:112,2,0,2
BRDA:112,2,1,1
BRDA:153,3,0,2
BRDA:153,3,1,1
BRDA:184,4,0,0
BRDA:184,4,1,0
BRDA:202,5,0,0
BRDA:202,5,1,0
BRDA:230,6,0,0
BRDA:230,6,1,0
BRF:14
BRH:6
end_of_record
TN:
SF:modules\values.js
FNF:0
FNH:0
DA:1,1
DA:2,1
DA:3,1
DA:4,1
LF:4
LH:4
BRF:0
BRH:0
end_of_record
